$ bun run test-papi.ts
[562.57s] Get entries
[
  {
    keyArgs: [ "14ctR6ZWNUycejiiJY7aW8kWL8CRNSJWimmcEZDExzMoRKpP" ],
    value: {
      pool_id: 16,
      points: 20000000000n,
      last_recorded_reward_counter: 270675639691460810n,
      unbonding_eras: [],
    },
  }, {
    keyArgs: [ "12JFwUszJsgVUr5YW3QcheYmDZHNYHiPELbuJx3rm6guhrse" ],
    value: {
      pool_id: 16,
      points: 2801345827122n,
      last_recorded_reward_counter: 290180780188288738n,
      unbonding_eras: [],
    },
  }, {
    keyArgs: [ "1141JHASgzBK1B8TtrxELrCHXua4vsNvXze5QhD4h7STErr" ],
    value: {
      pool_id: 39,
      points: 0n,
      last_recorded_reward_counter: 307559840565014929n,
      unbonding_eras: [
        [ 1568, 240000000000n ]
      ],
    },
  }, {
    keyArgs: [ "14QQmmK8Rg2ESsiYCVJUMYTkZXfjzoywDYtcBcHUuXVpPS7X" ],
    value: {
      pool_id: 54,
      points: 488170500000n,
      last_recorded_reward_counter: 258406509346532649n,
      unbonding_eras: [],
    },
  }, {
    keyArgs: [ "152ewMmA7Jr2HY7VMqTwBkyiTbJqXrMFQsioy4QA647URNiS" ],
    value: {
      pool_id: 54,
      points: 1856423074275n,
      last_recorded_reward_counter: 311930740585649062n,
      unbonding_eras: [],
    },
  }, {
    keyArgs: [ "14AaH9HGLvUPhY1jr75mMPpNfzNCxmbBgWy4eCsQDVNimz7f" ],
    value: {
      pool_id: 54,
      points: 0n,
      last_recorded_reward_counter: 239099993229880697n,
      unbonding_eras: [
        [ 1420, 805000000000n ]
      ],
    },
  }, {
    keyArgs: [ "1391qFaEw38DRsCor6nuU386Cayzq49NnKonR2ucDt3mgYeq" ],
    value: {
      pool_id: 54,
      points: 1910000000000n,
      last_recorded_reward_counter: 286874707042409130n,
      unbonding_eras: [],
    },
  }, {
    keyArgs: [ "13gMsYjbbXvhvMER9r5nqmB8AmxGejX59CY8vWoJjutxUyib" ],
    value: {
      pool_id: 39,
      points: 15776725166547n,
      last_recorded_reward_counter: 310931802671254825n,
      unbonding_eras: [],
    },
  }, {
    keyArgs: [ "1Nx4rX4douQUBieXhxZutJEsSb37nBXZ5ibUEY7cxjCsFV6" ],
    value: {
      pool_id: 6,
      points: 0n,
      last_recorded_reward_counter: 306303849388494124n,
      unbonding_eras: [
        [ 1566, 16232323959n ]
      ],
    },
  }, {
    keyArgs: [ "15XezeNpMdGTTugnauyNCa9QJ9MRnWPZ93AcsdgWpEwxdpY3" ],
    value: {
      pool_id: 61,
      points: 218034696609n,
      last_recorded_reward_counter: 211174560685634629n,
      unbonding_eras: [],
    },
  }, {
    keyArgs: [ "128a2iqwjNKvYZN2YXffE7cWVNjzzWmvqmkLfq9oThRbvLww" ],
    value: {
      pool_id: 39,
      points: 95000000000n,
      last_recorded_reward_counter: 239973655177705724n,
      unbonding_eras: [],
    },
  }, {
    keyArgs: [ "15rcjKqCDngDYSrW4vkyFA2EY9eaxVF6h7ecs3s6g4DHVQX1" ],
    value: {
      pool_id: 54,
      points: 861336576072n,
      last_recorded_reward_counter: 292708313257476591n,
      unbonding_eras: [],
    },
  }, {
    keyArgs: [ "14dEQ8uTYkSoB1KELwfEXWSjQg92iZwHn7c2XEyGgAdSijwV" ],
    value: {
      pool_id: 16,
      points: 0n,
      last_recorded_reward_counter: 271049290320078780n,
      unbonding_eras: [
        [ 1496, 51000000000n ]
      ],
    },
  }, {
    keyArgs: [ "15KGBfS75tzaCkcqUSs6aJTN91Vn3wV4yANFRqjowf2EJCHJ" ],
    value: {
      pool_id: 54,
      points: 13000028580479n,
      last_recorded_reward_counter: 311246794936654774n,
      unbonding_eras: [],
    },
  }, {
    keyArgs: [ "12TWtrApkLcXyWmBvbjrVcspmXTfidfMe7vFFt3p7Cvj2LdJ" ],
    value: {
      pool_id: 47,
      points: 2989546555701n,
      last_recorded_reward_counter: 238193665519103912n,
      unbonding_eras: [],
    },
  }, {
    keyArgs: [ "128uKFo94ewG8BrRXyqVQFDj8753XNfgsDUp9DSGdh8erKwS" ],
    value: {
      pool_id: 61,
      points: 1185380481711n,
      last_recorded_reward_counter: 307377798833890208n,
      unbonding_eras: [],
    },
  }, {
    keyArgs: [ "13p3MjxvUSveDsBpJ6rFQ8t4BkmHcmpWced3pMJHDgrnNs8X" ],
    value: {
      pool_id: 5,
      points: 78150125263630n,
      last_recorded_reward_counter: 300246431998673495n,
      unbonding_eras: [],
    },
  }, {
    keyArgs: [ "138k5ARcdPchzYU9MFxr5vzL8gEvvDfHGKZuons5VpR1LDz1" ],
    value: {
      pool_id: 49,
      points: 351884578031n,
      last_recorded_reward_counter: 260888324098335247n,
      unbonding_eras: [],
    },
  }, {
    keyArgs: [ "12Qb5JVaVBvjDBYLqAdXLXepgK6PRtEK4SXYDpuFqUin1gPt" ],
    value: {
      pool_id: 39,
      points: 309000000000n,
      last_recorded_reward_counter: 266218760025321482n,
      unbonding_eras: [],
    },
  }, {
    keyArgs: [ "12b8tAGaiqJ3hBPzsyuQsHWemoYSesDLGFHbm5kLwXUckHLe" ],
    value: {
      pool_id: 39,
      points: 19000000000n,
      last_recorded_reward_counter: 236450096747552583n,
      unbonding_eras: [],
    },
  }, {
    keyArgs: [ "13VHnJJWKzgpY8vc3APiGe7DCDqdjv2k23jR33dY2gD55en7" ],
    value: {
      pool_id: 16,
      points: 17358287331776n,
      last_recorded_reward_counter: 309588231755104562n,
      unbonding_eras: [],
    },
  }, {
    keyArgs: [ "164uSVzKiQJuybU9eSmQwktCf63hp25nG8sjiSGkvAamqLHw" ],
    value: {
      pool_id: 4,
      points: 837981192833n,
      last_recorded_reward_counter: 138098799039767600n,
      unbonding_eras: [],
    },
  }, {
    keyArgs: [ "15o8fdc8XgPpebHH2ka15ChHAjnHvsfur6YoycHbiYe1NBNQ" ],
    value: {
      pool_id: 54,
      points: 30000000000n,
      last_recorded_reward_counter: 205832783045310262n,
      unbonding_eras: [],
    },
  }, {
    keyArgs: [ "1bjYHrgsfNU7j12ezrP8XoYKh1C3s4T5TRLgJd7gzfy5ua1" ],
    value: {
      pool_id: 39,
      points: 1189641425290n,
      last_recorded_reward_counter: 292109950261228659n,
      unbonding_eras: [],
    },
  }, {
    keyArgs: [ "12hCEk9XuWVwkEypsgVMJQGEZYGfaYkPsh9movKiRjtx9zQp" ],
    value: {
      pool_id: 54,
      points: 2768886699039n,
      last_recorded_reward_counter: 310193212008210728n,
      unbonding_eras: [],
    },
  }, {
    keyArgs: [ "14TZ3tzrsmXbStjPCZbEzhgYjMTRxNV2EureajVpBCQ2DTgd" ],
    value: {
      pool_id: 54,
      points: 0n,
      last_recorded_reward_counter: 303609233055669378n,
      unbonding_eras: [
        [ 1563, 3520000000000n ]
      ],
    },
  }, {
    keyArgs: [ "15Yt37EWEQru3Y4GQQ5QtbhzRkFuk2vD1K3vqS7DZoxw34jZ" ],
    value: {
      pool_id: 61,
      points: 1979576689353n,
      last_recorded_reward_counter: 304396580571587635n,
      unbonding_eras: [],
    },
  }, {
    keyArgs: [ "135iCZD7VCpWi4aSAkmE56L3MdMTp7VTUeJvrhth3YxUNnXt" ],
    value: {
      pool_id: 16,
      points: 5779976893131n,
      last_recorded_reward_counter: 308842856933497774n,
      unbonding_eras: [],
    },
  }, {
    keyArgs: [ "1sSJ4935bd7gWFTjuEz792rhYasDabEjsKmipsNsH2ezybo" ],
    value: {
      pool_id: 61,
      points: 1129856391766n,
      last_recorded_reward_counter: 285460775941439797n,
      unbonding_eras: [],
    },
  }, {
    keyArgs: [ "153AkEX5BC6nY1RgVKcGmw76RiGUGfEXp8gBpxBwmvnJ34Ca" ],
    value: {
      pool_id: 54,
      points: 339137324749n,
      last_recorded_reward_counter: 279168767597588815n,
      unbonding_eras: [],
    },
  }, {
    keyArgs: [ "1UFRXsfyUpDpNufKhsBCZBskvdiDFKHd4yfB7ty12CaCy1A" ],
    value: {
      pool_id: 39,
      points: 2495989485432n,
      last_recorded_reward_counter: 246137244480656486n,
      unbonding_eras: [],
    },
  }, {
    keyArgs: [ "14Qv9FPZgi8TQFVZUJf3boUqqUDdDYnPg9RMSH14hYHAHynG" ],
    value: {
      pool_id: 19,
      points: 38867395565n,
      last_recorded_reward_counter: 155116779017214796n,
      unbonding_eras: [],
    },
  }, {
    keyArgs: [ "14YHz1kRx5eHbpbUBCrQGBCY6vMcw2fXp1qd46yNJBrWonYM" ],
    value: {
      pool_id: 39,
      points: 0n,
      last_recorded_reward_counter: 296747714605385269n,
      unbonding_eras: [
        [ 1544, 216200000000n ]
      ],
    },
  }, {
    keyArgs: [ "16WDxJjgSsswtQKVLnKBaSdVeNA9RPeSAPkmkTU7au2xti5B" ],
    value: {
      pool_id: 25,
      points: 0n,
      last_recorded_reward_counter: 298761144950920523n,
      unbonding_eras: [
        [ 1557, 10000000000n ]
      ],
    },
  }, {
    keyArgs: [ "12xqX9yZ5m1rKqpoKRaFt7RzUDxskGqk72pxbdMyh1AJgwHn" ],
    value: {
      pool_id: 16,
      points: 26700065097n,
      last_recorded_reward_counter: 198722756229540180n,
      unbonding_eras: [],
    },
  }, {
    keyArgs: [ "13KyDHggWGUW7FLRFerpJ3xCJtYstQNHaQXcD7V2ytwyZVGN" ],
    value: {
      pool_id: 129,
      points: 1621009747223n,
      last_recorded_reward_counter: 204543723749697865n,
      unbonding_eras: [],
    },
  }, {
    keyArgs: [ "1emh6UboWnQtVC4C5DTW2eFjkwqMVDM3YbiVN7nyuSbqTrM" ],
    value: {
      pool_id: 54,
      points: 147495645607n,
      last_recorded_reward_counter: 303041043329927591n,
      unbonding_eras: [],
    },
  }, {
    keyArgs: [ "13sKdEcQiddcF68dDneS4zj8T7bfTSMZJcd9UYDX8BiwBGGY" ],
    value: {
      pool_id: 58,
      points: 6160000000000n,
      last_recorded_reward_counter: 289160346454832360n,
      unbonding_eras: [],
    },
  }, {
    keyArgs: [ "13tNPYRx24QrrzSt1iKb8NvZhQHMcxXV9q9uPRyYmyvFBgj" ],
    value: {
      pool_id: 64,
      points: 200000000000n,
      last_recorded_reward_counter: 256342160324066720n,
      unbonding_eras: [],
    },
  }, {
    keyArgs: [ "13nxytQyoWRSGaYCdRVvGENbdk8UnEw2PejHgaBmiZQgZeYm" ],
    value: {
      pool_id: 12,
      points: 5581140644397n,
      last_recorded_reward_counter: 312351436665548026n,
      unbonding_eras: [],
    },
  }, {
    keyArgs: [ "13PkmUxA9og44FNtXyF1iggXVzy5jrQkCBbvJjL7zwQL7QAs" ],
    value: {
      pool_id: 12,
      points: 0n,
      last_recorded_reward_counter: 240684105034598249n,
      unbonding_eras: [
        [ 1423, 10000000000n ]
      ],
    },
  }, {
    keyArgs: [ "12p1pQMPe3f3xFxAComUPtFGjuPqgsrEntcv7wGHpUap1h2N" ],
    value: {
      pool_id: 129,
      points: 10000000000n,
      last_recorded_reward_counter: 154534483507120925n,
      unbonding_eras: [
        [ 1446, 290000000000n ]
      ],
    },
  }, {
    keyArgs: [ "147yy6zR2KNQufdivzyVXEx3QXN8H1maeNeuVq3QVpFGGJeX" ],
    value: {
      pool_id: 39,
      points: 4052268909260n,
      last_recorded_reward_counter: 300997277876567037n,
      unbonding_eras: [],
    },
  }, {
    keyArgs: [ "1sXjg4wviEZBvb8qcFK3hKLRe7TQpVeQoHPhH3srX5WoeNY" ],
    value: {
      pool_id: 12,
      points: 1839730702079n,
      last_recorded_reward_counter: 192469694040714927n,
      unbonding_eras: [
        [ 1313, 0n ]
      ],
    },
  }, {
    keyArgs: [ "16PE47V53dHxf3R9KvW5iTjUEwq7NYktBypbudmrZGnX5g5Z" ],
    value: {
      pool_id: 108,
      points: 1293790104091n,
      last_recorded_reward_counter: 251840901018378758n,
      unbonding_eras: [],
    },
  }, {
    keyArgs: [ "16XcQh4U4EhZWRNG2k22TSCNAHqxt6coZwCaWSPrgx1tc7BW" ],
    value: {
      pool_id: 62,
      points: 542332979421n,
      last_recorded_reward_counter: 311194760164227108n,
      unbonding_eras: [],
    },
  }, {
    keyArgs: [ "15XvQ5GtfYn8bicK5zahM4XazwYfpBr9FaiopcEhBQQTvJ74" ],
    value: {
      pool_id: 3,
      points: 39055524363n,
      last_recorded_reward_counter: 2037590184629520n,
      unbonding_eras: [],
    },
  }, {
    keyArgs: [ "123aanTyAyypSRVxEyRGB6ywfJByZVxX6vknixn6PqASwiR8" ],
    value: {
      pool_id: 54,
      points: 139546712185n,
      last_recorded_reward_counter: 222455580925872969n,
      unbonding_eras: [],
    },
  }, {
    keyArgs: [ "16M5cnymC1B3HeknFR14eB3ygLfrVaqbknnPDzEhiwWqy7Nv" ],
    value: {
      pool_id: 1,
      points: 250000000000n,
      last_recorded_reward_counter: 281551805759023577n,
      unbonding_eras: [],
    },
  }, {
    keyArgs: [ "12YCHYXisJL52azwRetz7AmRNnFqxX6iU1Z3pkU5ksxhkK5B" ],
    value: {
      pool_id: 189,
      points: 1244510910668n,
      last_recorded_reward_counter: 44028354470540781n,
      unbonding_eras: [],
    },
  }, {
    keyArgs: [ "13pHtRLXCEr7ts7xDbSqAmwrn4mop92ZQQfuxJd3mRf56W8p" ],
    value: {
      pool_id: 54,
      points: 1021390120952n,
      last_recorded_reward_counter: 225040877241026526n,
      unbonding_eras: [],
    },
  }, {
    keyArgs: [ "16cJ4HtaShAhWP18jPDHiT8rnjdzZoGV4vMcxMj2HXa4oPwr" ],
    value: {
      pool_id: 16,
      points: 10595633559678n,
      last_recorded_reward_counter: 308842856933497774n,
      unbonding_eras: [],
    },
  }, {
    keyArgs: [ "126mVKc6TesU5KPfPEKcyyXbQCicZPtVdGvgJ3EnLkMHfCej" ],
    value: {
      pool_id: 54,
      points: 3310000000000n,
      last_recorded_reward_counter: 212439654656034718n,
      unbonding_eras: [],
    },
  }, {
    keyArgs: [ "1SohJrC8gHwHeJT1nkSonEbMd6yrkJgw8PwGsXUrKw3YrEK" ],
    value: {
      pool_id: 44,
      points: 10000000000n,
      last_recorded_reward_counter: 35550941939373589n,
      unbonding_eras: [
        [ 970, 40000000000n ]
      ],
    },
  }, {
    keyArgs: [ "1kFPqwDzT7tk4tC7Dso9n4Y1F6p52WMXaJGr9J3ZfkTbLxJ" ],
    value: {
      pool_id: 61,
      points: 380000000000n,
      last_recorded_reward_counter: 223809177275545599n,
      unbonding_eras: [],
    },
  }, {
    keyArgs: [ "12h2qgbb3GuXue6ZCjxYKBs2zCoaJ3w8X2YHBkwiQ8CPo5C2" ],
    value: {
      pool_id: 16,
      points: 544846372668n,
      last_recorded_reward_counter: 302644888895296064n,
      unbonding_eras: [
        [ 1419, 40000000000n ]
      ],
    },
  }, {
    keyArgs: [ "15u59bnMYW18GwXAc8JAwduGDxhsSeYbav8aES1c4u7EfPbp" ],
    value: {
      pool_id: 54,
      points: 340000000000n,
      last_recorded_reward_counter: 247235472484459130n,
      unbonding_eras: [],
    },
  }, {
    keyArgs: [ "16PEQpSMaDbAs9bhm7EiPdDAupNcZmpVWwiKY5Zv3XejELsC" ],
    value: {
      pool_id: 54,
      points: 603181104056n,
      last_recorded_reward_counter: 309003372516502367n,
      unbonding_eras: [],
    },
  }, {
    keyArgs: [ "133zBK1ykyDD3rqg2ZwzEYGEHvM7FKidwuVpQb8YSDpQz5BG" ],
    value: {
      pool_id: 32,
      points: 45775773534252n,
      last_recorded_reward_counter: 29856636352879092n,
      unbonding_eras: [],
    },
  }, {
    keyArgs: [ "14hBRoQg5wrBaNt1UFA9MS2c8R9sHSEU8xQPqbTjgNmXUShN" ],
    value: {
      pool_id: 4,
      points: 16984419572638n,
      last_recorded_reward_counter: 283403695462172714n,
      unbonding_eras: [],
    },
  }, {
    keyArgs: [ "13VzKouxMip9e3qg6M6nPoSSXnWEBrmzTjb4Jtrspt7YQc5C" ],
    value: {
      pool_id: 39,
      points: 1200000000000n,
      last_recorded_reward_counter: 258241003227964606n,
      unbonding_eras: [],
    },
  }, {
    keyArgs: [ "19w8Xo7DMTQzHzukgXPoH23xqudq1NsuHbSzouUJSokRSbd" ],
    value: {
      pool_id: 16,
      points: 16675158515555n,
      last_recorded_reward_counter: 309588231755104562n,
      unbonding_eras: [],
    },
  }, {
    keyArgs: [ "16ev6ALVZE4Ftn2NJwrFdBCB5QwkoNB8RXxDPDCMakrTFyBv" ],
    value: {
      pool_id: 54,
      points: 109859495332n,
      last_recorded_reward_counter: 209806667401999453n,
      unbonding_eras: [],
    },
  }, {
    keyArgs: [ "169rzvwayQtCmD8NckkhQJKHxvWD8T7VgwbH3TphWtzusHoV" ],
    value: {
      pool_id: 12,
      points: 50000000000n,
      last_recorded_reward_counter: 155512765755970259n,
      unbonding_eras: [],
    },
  }, {
    keyArgs: [ "1ueginWJSEz4rVTSSDX4DnmdsgJXaEhJgUzyTksueCMNVri" ],
    value: {
      pool_id: 54,
      points: 102733218947n,
      last_recorded_reward_counter: 303156576648779697n,
      unbonding_eras: [],
    },
  }, {
    keyArgs: [ "15htD5ffRdcJrn6oaVpux5tk8uUiDd289sDPYgt2642AbLXB" ],
    value: {
      pool_id: 16,
      points: 224177303666n,
      last_recorded_reward_counter: 288123062586399889n,
      unbonding_eras: [],
    },
  }, {
    keyArgs: [ "13Vpc5nxiR4tkaEP9PnBERkbtUHTMAMxJAnZnnK2LVCYXubL" ],
    value: {
      pool_id: 54,
      points: 5600066240381n,
      last_recorded_reward_counter: 311246794936654774n,
      unbonding_eras: [],
    },
  }, {
    keyArgs: [ "14LqCv2oedD9DYZeDyzHa5oaaRMa7EGtic597YZ4CWfki2EP" ],
    value: {
      pool_id: 16,
      points: 3693573448400n,
      last_recorded_reward_counter: 309588231755104562n,
      unbonding_eras: [],
    },
  }, {
    keyArgs: [ "15aK9mf1axt9F4i5fN8mFuukbqA3mreYMEp7w1taC4ah2tLJ" ],
    value: {
      pool_id: 16,
      points: 2558198142013n,
      last_recorded_reward_counter: 306613123110626833n,
      unbonding_eras: [],
    },
  }, {
    keyArgs: [ "15AYtaDmhqFVQJ1hyDYutkKNd7sLgfqY8rmnVfUeeEC6ro8B" ],
    value: {
      pool_id: 54,
      points: 0n,
      last_recorded_reward_counter: 274611564417679951n,
      unbonding_eras: [
        [ 1499, 209859495332n ]
      ],
    },
  }, {
    keyArgs: [ "15axPCHY9CPdS8b7XWtVya255MZtYk4f5hzb3K5Duib4k4Js" ],
    value: {
      pool_id: 54,
      points: 31626050172n,
      last_recorded_reward_counter: 173558605636664459n,
      unbonding_eras: [],
    },
  }, {
    keyArgs: [ "14wqYcJxV4zcYNNeHwSPFE1PgG9RLaHfwo5DjW1bUz6wKhZJ" ],
    value: {
      pool_id: 28,
      points: 7279020667626n,
      last_recorded_reward_counter: 339713098013039192n,
      unbonding_eras: [],
    },
  }, {
    keyArgs: [ "14gDokximtDSBBqK6giCFzyeCHkp9xKnv4n7XWjxqqByMfqA" ],
    value: {
      pool_id: 1,
      points: 650000000000n,
      last_recorded_reward_counter: 195853742814825621n,
      unbonding_eras: [],
    },
  }, {
    keyArgs: [ "15dRsZmsCJ1u9rdHMPrPz78xexXhkXcWzgcu3pMdMhcKfv4E" ],
    value: {
      pool_id: 16,
      points: 170000000000n,
      last_recorded_reward_counter: 70886574520575623n,
      unbonding_eras: [],
    },
  }, {
    keyArgs: [ "13x6zWB1FzgUpZX8T3h9tAvE1vDkVdoiS3sQEg4tnjP9yBMh" ],
    value: {
      pool_id: 12,
      points: 515316454756n,
      last_recorded_reward_counter: 241135052379788963n,
      unbonding_eras: [],
    },
  }, {
    keyArgs: [ "13TPQPmT4LfrcNGtgev7Mgpwi8VQmfMkZNWTLLQUpnQAhsQT" ],
    value: {
      pool_id: 16,
      points: 291058851678n,
      last_recorded_reward_counter: 303436243810634490n,
      unbonding_eras: [],
    },
  }, {
    keyArgs: [ "13jB619emadadbShK3Ajijn2WvKFN9nJnSb1eBz7vXAbrSSz" ],
    value: {
      pool_id: 16,
      points: 2030062356415n,
      last_recorded_reward_counter: 259597922710886343n,
      unbonding_eras: [],
    },
  }, {
    keyArgs: [ "15tdtmsptxJVzrf7FjWycN9hXgt45b2kk7xkcNRavPjNrJua" ],
    value: {
      pool_id: 16,
      points: 89059173597n,
      last_recorded_reward_counter: 221927676915165942n,
      unbonding_eras: [],
    },
  }, {
    keyArgs: [ "16B2mi7QHfjRVU8XTV9Aj57Z5L6EqdzZF47JAgC8tLRVWNgM" ],
    value: {
      pool_id: 16,
      points: 0n,
      last_recorded_reward_counter: 300232794951112336n,
      unbonding_eras: [
        [ 1562, 5292956187240n ]
      ],
    },
  }, {
    keyArgs: [ "14KoJ5ibeUjQnQLLcX3An6q8nAfzaVwQyJ24xk2VCYq7fv9M" ],
    value: {
      pool_id: 61,
      points: 10959467116609n,
      last_recorded_reward_counter: 223374299921223715n,
      unbonding_eras: [],
    },
  }, {
    keyArgs: [ "16Axz7UNZyNHdFJjDtnnzg5LoouHboSjDrGzWWaejFvTQjWw" ],
    value: {
      pool_id: 4,
      points: 1798618025803n,
      last_recorded_reward_counter: 284726379711714421n,
      unbonding_eras: [],
    },
  }, {
    keyArgs: [ "1n2QjnpmwcbEoYSATPQgzUo7zsxxi8eYQ8ovUUpiNg543n5" ],
    value: {
      pool_id: 39,
      points: 16200000000000n,
      last_recorded_reward_counter: 305415259088867483n,
      unbonding_eras: [],
    },
  }, {
    keyArgs: [ "13eHKM5KoVL2tm48vDffC8cAi29o35TwxLLJuqrUzqtYRidr" ],
    value: {
      pool_id: 12,
      points: 365558346859n,
      last_recorded_reward_counter: 312281046081301319n,
      unbonding_eras: [],
    },
  }, {
    keyArgs: [ "16csTbgTMYQXXgfSbYUKj9SxSkANbJUug811s98hc5CEXkr" ],
    value: {
      pool_id: 54,
      points: 6793593372910n,
      last_recorded_reward_counter: 274944275322648329n,
      unbonding_eras: [],
    },
  }, {
    keyArgs: [ "157f5t36CjJyn1Aqbe6wicmBL1oiwHz6sGFaYWPPS8TfLApv" ],
    value: {
      pool_id: 16,
      points: 282173618240n,
      last_recorded_reward_counter: 301779631300252673n,
      unbonding_eras: [],
    },
  }, {
    keyArgs: [ "135cg6y3AZftjGNZETSWJSLRAVHxR3WYYbcFEVqN1BDbBPyF" ],
    value: {
      pool_id: 5,
      points: 1009409215428n,
      last_recorded_reward_counter: 292762831145007124n,
      unbonding_eras: [],
    },
  }, {
    keyArgs: [ "16d3YuahRdiXCfioDdd3tMBtn1RuFw5xPz5trvFj7DmjzuP8" ],
    value: {
      pool_id: 54,
      points: 147203481594n,
      last_recorded_reward_counter: 311693628404971654n,
      unbonding_eras: [],
    },
  }, {
    keyArgs: [ "15Ghi3ctzMggKihiaGDXh4hwVNaDAKqaMewAHkB6ihWJCC2F" ],
    value: {
      pool_id: 54,
      points: 532336845724n,
      last_recorded_reward_counter: 304697162689922803n,
      unbonding_eras: [],
    },
  }, {
    keyArgs: [ "16MbCQjF7WmRvJyEYNBLUCSuYTYsiMXDTiaMRdzCmy7FqbHq" ],
    value: {
      pool_id: 8,
      points: 170000000000n,
      last_recorded_reward_counter: 239743872870784190n,
      unbonding_eras: [],
    },
  }, {
    keyArgs: [ "1y9R4bq6Bh1cx4eSU2scjLvNCJkgTWfTe9R16UV3GjtspLu" ],
    value: {
      pool_id: 39,
      points: 20000000000n,
      last_recorded_reward_counter: 176906024471339226n,
      unbonding_eras: [],
    },
  }, {
    keyArgs: [ "13Yxxu4h9XZEkMWui3mre97xGzXFFMFTZTsAjFDqkUvZ7Jmr" ],
    value: {
      pool_id: 121,
      points: 10000000000n,
      last_recorded_reward_counter: 201921694159577087n,
      unbonding_eras: [
        [ 1520, 678053021176n ]
      ],
    },
  }, {
    keyArgs: [ "15rHcjPzjrctQkbLzPq31ANPscqjCrfLjyEik59Tv7pArcjn" ],
    value: {
      pool_id: 12,
      points: 5217261680231n,
      last_recorded_reward_counter: 308814147322933675n,
      unbonding_eras: [],
    },
  }, {
    keyArgs: [ "13uUwM3bCXd6yrzzFsh8zYgV39TMVVTbfET3oZ7G68D4Uwet" ],
    value: {
      pool_id: 39,
      points: 0n,
      last_recorded_reward_counter: 304008572662871792n,
      unbonding_eras: [
        [ 1560, 139000000000n ]
      ],
    },
  }, {
    keyArgs: [ "1n4DMMxJ36RavPCbFwPQu9MffqSBobqfvKLKgJDjG7gUc3u" ],
    value: {
      pool_id: 84,
      points: 90334950599547n,
      last_recorded_reward_counter: 274016091910567152n,
      unbonding_eras: [],
    },
  }, {
    keyArgs: [ "13MwpEeRimQThuLFWMyeYeMqbwP7HY1BbKriWP6Uu7wipAfk" ],
    value: {
      pool_id: 129,
      points: 1320927579310n,
      last_recorded_reward_counter: 112979393989662471n,
      unbonding_eras: [],
    },
  }, {
    keyArgs: [ "1rykDnLJgKkjy9sBeBGQQ8GBKX7NmsfGtHes7Zf9XXczH2E" ],
    value: {
      pool_id: 12,
      points: 1916750053088n,
      last_recorded_reward_counter: 57828304079074741n,
      unbonding_eras: [],
    },
  }, {
    keyArgs: [ "15a6NBQLX3cP9U8cDSEFAsnWxU6KtXzsrDVDBdweqbtFdetY" ],
    value: {
      pool_id: 16,
      points: 526114644357n,
      last_recorded_reward_counter: 300904507370340181n,
      unbonding_eras: [],
    },
  }, {
    keyArgs: [ "14j873kuZkaA2d8DWRyjWgJEF9DCK148Tzvz6mekDvcYpZeW" ],
    value: {
      pool_id: 12,
      points: 5173162733084n,
      last_recorded_reward_counter: 309694673071119318n,
      unbonding_eras: [],
    },
  }, {
    keyArgs: [ "15ajaLRwzts8B3qvPqSCj5tZVxN9jqdsKVPnULC642CJCgnR" ],
    value: {
      pool_id: 54,
      points: 999559720799n,
      last_recorded_reward_counter: 235579117519947014n,
      unbonding_eras: [],
    },
  }, {
    keyArgs: [ "144Rop3nwaVs2SkJrUzFW4MxC5DGQ7D9SGTkBd57jSpE8j5i" ],
    value: {
      pool_id: 39,
      points: 4045743016808n,
      last_recorded_reward_counter: 302311322604997298n,
      unbonding_eras: [],
    },
  },
  ... 46196 more items
]
